#! /usr/local/iverilog/bin/vvp
:ivl_version "11.0 (devel)" "(s20150603-612-ga9388a89)";
:ivl_delay_selection "TYPICAL";
:vpi_time_precision + 0;
:vpi_module "system";
:vpi_module "vhdl_sys";
:vpi_module "vhdl_textio";
:vpi_module "v2005_math";
:vpi_module "va_math";
S_000000000085eab0 .scope module, "test" "test" 2 6;
 .timescale 0 0;
v00000000008c7b60_0 .net "a", 7 0, L_000000000095d9b0;  1 drivers
v00000000008c69e0_0 .net "addres_A", 3 0, L_00000000008c7200;  1 drivers
v00000000008c6120_0 .net "addres_B", 3 0, L_00000000008c6bc0;  1 drivers
v00000000008c7e80_0 .net "addres_D", 3 0, L_00000000008c7340;  1 drivers
v00000000008c7f20_0 .net "b", 7 0, L_000000000095da20;  1 drivers
v00000000008c7de0_0 .var "clk", 0 0;
v00000000008c7d40_0 .net "control", 1 0, L_00000000008c7160;  1 drivers
v00000000008c78e0_0 .net "data", 7 0, v000000000085b0e0_0;  1 drivers
v00000000008c64e0_0 .net "instruction", 13 0, L_000000000085ec40;  1 drivers
v00000000008c6da0_0 .net "pc_count", 10 0, v000000000085b2c0_0;  1 drivers
v00000000008c6080_0 .var "reset", 0 0;
L_00000000008c8048 .functor BUFT 1, C4<1>, C4<0>, C4<0>, C4<0>;
v00000000008c6260_0 .net "vdd", 0 0, L_00000000008c8048;  1 drivers
L_00000000008c7200 .part L_000000000085ec40, 8, 4;
L_00000000008c6bc0 .part L_000000000085ec40, 4, 4;
L_00000000008c7340 .part L_000000000085ec40, 0, 4;
L_00000000008c7160 .part L_000000000085ec40, 12, 2;
S_000000000086cfb0 .scope module, "ALU1" "ALU" 2 27, 3 1 0, S_000000000085eab0;
 .timescale 0 0;
    .port_info 0 /INPUT 2 "control";
    .port_info 1 /INPUT 8 "a";
    .port_info 2 /INPUT 8 "b";
    .port_info 3 /OUTPUT 8 "out";
v000000000085ba40_0 .net "a", 7 0, L_000000000095d9b0;  alias, 1 drivers
v000000000085af00_0 .net "b", 7 0, L_000000000095da20;  alias, 1 drivers
v000000000085b040_0 .net "control", 1 0, L_00000000008c7160;  alias, 1 drivers
v000000000085b0e0_0 .var "out", 7 0;
E_0000000000858c40 .event edge, v000000000085b040_0, v000000000085ba40_0, v000000000085af00_0;
S_000000000086d140 .scope module, "Inst1" "Inst_Memory" 2 25, 4 1 0, S_000000000085eab0;
 .timescale 0 0;
    .port_info 0 /INPUT 11 "address";
    .port_info 1 /OUTPUT 14 "data_out";
L_000000000085ec40 .functor BUFZ 14, L_00000000008c6940, C4<00000000000000>, C4<00000000000000>, C4<00000000000000>;
v000000000085afa0_0 .net *"_s0", 13 0, L_00000000008c6940;  1 drivers
v000000000085b360_0 .net *"_s2", 11 0, L_00000000008c6800;  1 drivers
L_00000000008c8090 .functor BUFT 1, C4<0>, C4<0>, C4<0>, C4<0>;
v000000000085b860_0 .net *"_s5", 0 0, L_00000000008c8090;  1 drivers
v000000000085b5e0_0 .net "address", 10 0, v000000000085b2c0_0;  alias, 1 drivers
v000000000085b180_0 .net "data_out", 13 0, L_000000000085ec40;  alias, 1 drivers
v000000000085b220 .array "memory", 1024 0, 13 0;
L_00000000008c6940 .array/port v000000000085b220, L_00000000008c6800;
L_00000000008c6800 .concat [ 11 1 0 0], v000000000085b2c0_0, L_00000000008c8090;
S_000000000095d690 .scope module, "PC1" "Counter" 2 24, 5 1 0, S_000000000085eab0;
 .timescale 0 0;
    .port_info 0 /INPUT 1 "clk";
    .port_info 1 /INPUT 1 "reset";
    .port_info 2 /OUTPUT 11 "out";
v000000000085b400_0 .net "clk", 0 0, v00000000008c7de0_0;  1 drivers
v000000000085b2c0_0 .var "out", 10 0;
v000000000085b4a0_0 .net "reset", 0 0, v00000000008c6080_0;  1 drivers
E_0000000000858a40 .event posedge, v000000000085b400_0;
S_000000000095d820 .scope module, "Reg1" "Registers" 2 26, 6 1 0, S_000000000085eab0;
 .timescale 0 0;
    .port_info 0 /INPUT 1 "nclk";
    .port_info 1 /INPUT 1 "enable";
    .port_info 2 /INPUT 4 "address_A";
    .port_info 3 /INPUT 4 "address_B";
    .port_info 4 /INPUT 4 "address_D";
    .port_info 5 /INPUT 8 "data_in";
    .port_info 6 /OUTPUT 8 "out_A";
    .port_info 7 /OUTPUT 8 "out_B";
L_000000000095d9b0 .functor BUFZ 8, L_00000000008c61c0, C4<00000000>, C4<00000000>, C4<00000000>;
L_000000000095da20 .functor BUFZ 8, L_00000000008c6a80, C4<00000000>, C4<00000000>, C4<00000000>;
v000000000085b540_0 .net *"_s0", 7 0, L_00000000008c61c0;  1 drivers
v000000000085b680_0 .net *"_s10", 5 0, L_00000000008c7660;  1 drivers
L_00000000008c8120 .functor BUFT 1, C4<00>, C4<0>, C4<0>, C4<0>;
v000000000085b720_0 .net *"_s13", 1 0, L_00000000008c8120;  1 drivers
v000000000085b7c0_0 .net *"_s2", 5 0, L_00000000008c73e0;  1 drivers
L_00000000008c80d8 .functor BUFT 1, C4<00>, C4<0>, C4<0>, C4<0>;
v000000000085b900_0 .net *"_s5", 1 0, L_00000000008c80d8;  1 drivers
v000000000085b9a0_0 .net *"_s8", 7 0, L_00000000008c6a80;  1 drivers
v000000000085ab40_0 .net "address_A", 3 0, L_00000000008c7200;  alias, 1 drivers
v000000000085ac80_0 .net "address_B", 3 0, L_00000000008c6bc0;  alias, 1 drivers
v00000000008c7520_0 .net "address_D", 3 0, L_00000000008c7340;  alias, 1 drivers
v00000000008c77a0_0 .net "data_in", 7 0, v000000000085b0e0_0;  alias, 1 drivers
v00000000008c7a20_0 .net "enable", 0 0, L_00000000008c8048;  alias, 1 drivers
v00000000008c6300_0 .var/i "i", 31 0;
v00000000008c7ca0 .array "memory", 16 0, 7 0;
v00000000008c75c0_0 .net "nclk", 0 0, v00000000008c7de0_0;  alias, 1 drivers
v00000000008c6ee0_0 .net "out_A", 7 0, L_000000000095d9b0;  alias, 1 drivers
v00000000008c7c00_0 .net "out_B", 7 0, L_000000000095da20;  alias, 1 drivers
E_00000000008584c0 .event negedge, v000000000085b400_0;
L_00000000008c61c0 .array/port v00000000008c7ca0, L_00000000008c73e0;
L_00000000008c73e0 .concat [ 4 2 0 0], L_00000000008c7200, L_00000000008c80d8;
L_00000000008c6a80 .array/port v00000000008c7ca0, L_00000000008c7660;
L_00000000008c7660 .concat [ 4 2 0 0], L_00000000008c6bc0, L_00000000008c8120;
    .scope S_000000000095d690;
T_0 ;
    %wait E_0000000000858a40;
    %load/vec4 v000000000085b4a0_0;
    %flag_set/vec4 8;
    %jmp/0xz  T_0.0, 8;
    %pushi/vec4 0, 0, 11;
    %assign/vec4 v000000000085b2c0_0, 0;
    %jmp T_0.1;
T_0.0 ;
    %load/vec4 v000000000085b2c0_0;
    %addi 1, 0, 11;
    %assign/vec4 v000000000085b2c0_0, 0;
T_0.1 ;
    %jmp T_0;
    .thread T_0;
    .scope S_000000000095d690;
T_1 ;
    %pushi/vec4 0, 0, 11;
    %assign/vec4 v000000000085b2c0_0, 0;
    %end;
    .thread T_1;
    .scope S_000000000086d140;
T_2 ;
    %vpi_call 4 11 "$readmemh", "instructions.list", v000000000085b220 {0 0 0};
    %end;
    .thread T_2;
    .scope S_000000000095d820;
T_3 ;
    %wait E_00000000008584c0;
    %load/vec4 v00000000008c7a20_0;
    %pad/u 32;
    %cmpi/e 1, 0, 32;
    %jmp/0xz  T_3.0, 4;
    %load/vec4 v00000000008c77a0_0;
    %load/vec4 v00000000008c7520_0;
    %pad/u 6;
    %ix/vec4 3;
    %ix/load 4, 0, 0; Constant delay
    %assign/vec4/a/d v00000000008c7ca0, 0, 4;
T_3.0 ;
    %jmp T_3;
    .thread T_3;
    .scope S_000000000095d820;
T_4 ;
    %pushi/vec4 0, 0, 32;
    %store/vec4 v00000000008c6300_0, 0, 32;
T_4.0 ;
    %load/vec4 v00000000008c6300_0;
    %cmpi/s 128, 0, 32;
    %jmp/0xz T_4.1, 5;
    %load/vec4 v00000000008c6300_0;
    %muli 2, 0, 32;
    %pad/s 8;
    %ix/getv/s 4, v00000000008c6300_0;
    %store/vec4a v00000000008c7ca0, 4, 0;
    %load/vec4 v00000000008c6300_0;
    %addi 1, 0, 32;
    %store/vec4 v00000000008c6300_0, 0, 32;
    %jmp T_4.0;
T_4.1 ;
    %end;
    .thread T_4;
    .scope S_000000000086cfb0;
T_5 ;
    %wait E_0000000000858c40;
    %load/vec4 v000000000085b040_0;
    %dup/vec4;
    %pushi/vec4 0, 0, 2;
    %cmp/u;
    %jmp/1 T_5.0, 6;
    %dup/vec4;
    %pushi/vec4 1, 0, 2;
    %cmp/u;
    %jmp/1 T_5.1, 6;
    %dup/vec4;
    %pushi/vec4 2, 0, 2;
    %cmp/u;
    %jmp/1 T_5.2, 6;
    %dup/vec4;
    %pushi/vec4 3, 0, 2;
    %cmp/u;
    %jmp/1 T_5.3, 6;
    %jmp T_5.4;
T_5.0 ;
    %load/vec4 v000000000085ba40_0;
    %load/vec4 v000000000085af00_0;
    %add;
    %store/vec4 v000000000085b0e0_0, 0, 8;
    %jmp T_5.4;
T_5.1 ;
    %load/vec4 v000000000085ba40_0;
    %load/vec4 v000000000085af00_0;
    %sub;
    %store/vec4 v000000000085b0e0_0, 0, 8;
    %jmp T_5.4;
T_5.2 ;
    %load/vec4 v000000000085ba40_0;
    %load/vec4 v000000000085af00_0;
    %and;
    %store/vec4 v000000000085b0e0_0, 0, 8;
    %jmp T_5.4;
T_5.3 ;
    %load/vec4 v000000000085af00_0;
    %store/vec4 v000000000085b0e0_0, 0, 8;
    %jmp T_5.4;
T_5.4 ;
    %pop/vec4 1;
    %jmp T_5;
    .thread T_5, $push;
    .scope S_000000000085eab0;
T_6 ;
    %vpi_call 2 31 "$display", "PC \011Inst \011D \011A \011B" {0 0 0};
    %vpi_call 2 32 "$monitor", "%d \011%h \011%d \011%d \011%d", v00000000008c6da0_0, v00000000008c64e0_0, v00000000008c78e0_0, v00000000008c7b60_0, v00000000008c7f20_0 {0 0 0};
    %end;
    .thread T_6;
    .scope S_000000000085eab0;
T_7 ;
    %pushi/vec4 0, 0, 1;
    %store/vec4 v00000000008c7de0_0, 0, 1;
    %pushi/vec4 1, 0, 1;
    %store/vec4 v00000000008c6080_0, 0, 1;
    %delay 1, 0;
    %pushi/vec4 1, 0, 1;
    %store/vec4 v00000000008c7de0_0, 0, 1;
    %delay 1, 0;
    %pushi/vec4 0, 0, 1;
    %store/vec4 v00000000008c7de0_0, 0, 1;
    %delay 1, 0;
    %pushi/vec4 0, 0, 1;
    %store/vec4 v00000000008c6080_0, 0, 1;
    %end;
    .thread T_7;
    .scope S_000000000085eab0;
T_8 ;
    %delay 200, 0;
    %vpi_call 2 45 "$finish" {0 0 0};
    %end;
    .thread T_8;
    .scope S_000000000085eab0;
T_9 ;
    %delay 5, 0;
    %load/vec4 v00000000008c7de0_0;
    %nor/r;
    %store/vec4 v00000000008c7de0_0, 0, 1;
    %jmp T_9;
    .thread T_9;
# The file index is used to find the file name in the following table.
:file_names 7;
    "N/A";
    "<interactive>";
    "test.v";
    "./ALU.v";
    "./Inst_Memory.v";
    "./Program_Counter.v";
    "./Registers.v";
